Build started 5.7.2013 15:22:14.
     1>Project "E:\programovani\c++\projects\multiple_linear_regression\MultipleLinearRegression\MultipleLinearRegression\MultipleLinearRegression.vcxproj" on node 2 (build target(s)).
     1>InitializeBuildStatus:
         Creating "Debug\MultipleLinearRegression.unsuccessfulbuild" because "AlwaysCreate" was specified.
       ClCompile:
         C:\Program Files (x86)\Microsoft Visual Studio 10.0\VC\bin\CL.exe /c /ZI /nologo /W3 /WX- /Od /Oy- /D _MBCS /Gm /EHsc /RTC1 /MDd /GS /fp:precise /Zc:wchar_t /Zc:forScope /Fo"Debug\\" /Fd"Debug\vc100.pdb" /Gd /TP /analyze- /errorReport:prompt main.cpp
         main.cpp
     1>e:\programovani\c++\projects\multiple_linear_regression\multiplelinearregression\multiplelinearregression\multiplelinearregression.h(12): warning C4290: C++ exception specification ignored except to indicate a function is not __declspec(nothrow)
     1>e:\programovani\c++\projects\multiple_linear_regression\multiplelinearregression\multiplelinearregression\main.cpp(32): warning C4018: '<' : signed/unsigned mismatch
       Link:
         C:\Program Files (x86)\Microsoft Visual Studio 10.0\VC\bin\link.exe /ERRORREPORT:PROMPT /OUT:"E:\programovani\c++\projects\multiple_linear_regression\MultipleLinearRegression\Debug\MultipleLinearRegression.exe" /NOLOGO kernel32.lib user32.lib gdi32.lib winspool.lib comdlg32.lib advapi32.lib shell32.lib ole32.lib oleaut32.lib uuid.lib odbc32.lib odbccp32.lib /MANIFEST /ManifestFile:"Debug\MultipleLinearRegression.exe.intermediate.manifest" /MANIFESTUAC:"level='asInvoker' uiAccess='false'" /DEBUG /PDB:"E:\programovani\c++\projects\multiple_linear_regression\MultipleLinearRegression\Debug\MultipleLinearRegression.pdb" /TLBID:1 /DYNAMICBASE /NXCOMPAT /IMPLIB:"E:\programovani\c++\projects\multiple_linear_regression\MultipleLinearRegression\Debug\MultipleLinearRegression.lib" /MACHINE:X86 Debug\main.obj
         Debug\MultipleLinearRegression.obj
         LINK : E:\programovani\c++\projects\multiple_linear_regression\MultipleLinearRegression\Debug\MultipleLinearRegression.exe not found or not built by the last incremental link; performing full link
         MultipleLinearRegression.vcxproj -> E:\programovani\c++\projects\multiple_linear_regression\MultipleLinearRegression\Debug\MultipleLinearRegression.exe
       Manifest:
         C:\Program Files (x86)\Microsoft SDKs\Windows\v7.0A\bin\mt.exe /nologo /verbose /outputresource:"E:\programovani\c++\projects\multiple_linear_regression\MultipleLinearRegression\Debug\MultipleLinearRegression.exe;#1" /manifest Debug\MultipleLinearRegression.exe.intermediate.manifest
       FinalizeBuildStatus:
         Deleting file "Debug\MultipleLinearRegression.unsuccessfulbuild".
         Touching "Debug\MultipleLinearRegression.lastbuildstate".
     1>Done Building Project "E:\programovani\c++\projects\multiple_linear_regression\MultipleLinearRegression\MultipleLinearRegression\MultipleLinearRegression.vcxproj" (build target(s)).

Build succeeded.

Time Elapsed 00:00:01.02
